{"/Users/richardlake/projects/sports_ladder/Gruntfile.js":{"path":"/Users/richardlake/projects/sports_ladder/Gruntfile.js","s":{"1":1,"2":1,"3":1,"4":1,"5":1,"6":1,"7":1},"b":{},"f":{"1":1},"fnMap":{"1":{"name":"(anonymous_1)","line":1,"loc":{"start":{"line":1,"column":17},"end":{"line":1,"column":33}}}},"statementMap":{"1":{"start":{"line":1,"column":0},"end":{"line":54,"column":2}},"2":{"start":{"line":3,"column":2},"end":{"line":46,"column":5}},"3":{"start":{"line":48,"column":2},"end":{"line":48,"column":45}},"4":{"start":{"line":49,"column":2},"end":{"line":49,"column":45}},"5":{"start":{"line":50,"column":2},"end":{"line":50,"column":45}},"6":{"start":{"line":51,"column":2},"end":{"line":51,"column":41}},"7":{"start":{"line":52,"column":2},"end":{"line":52,"column":63}}},"branchMap":{}}}